[11:09:18] [ServerMain/INFO]: Environment: Environment[sessionHost=https://sessionserver.mojang.com, servicesHost=https://api.minecraftservices.com, name=PROD]
[11:09:26] [ServerMain/INFO]: Loaded 1174 recipes
[11:09:27] [ServerMain/INFO]: Loaded 1271 advancements
[11:09:28] [Server thread/INFO]: Starting minecraft server version 1.20.4
[11:09:28] [Server thread/INFO]: Loading properties
[11:09:28] [Server thread/INFO]: This server is running Paper version git-Paper-497 (MC: 1.20.4) (Implementing API version 1.20.4-R0.1-SNAPSHOT) (Git: d8d54d9 on ver/1.20.4)
[11:09:29] [Server thread/INFO]: Server Ping Player Sample Count: 12
[11:09:29] [Server thread/INFO]: Using 4 threads for Netty based IO
[11:09:30] [Server thread/WARN]: [!] The timings profiler has been enabled but has been scheduled for removal from Paper in the future.
    We recommend installing the spark profiler as a replacement: https://spark.lucko.me/
    For more information please visit: https://github.com/PaperMC/Paper/issues/8948
[11:09:30] [Server thread/INFO]: [ChunkTaskScheduler] Chunk system is using 1 I/O threads, 1 worker threads, and gen parallelism of 1 threads
[11:09:30] [Server thread/INFO]: Default game type: SURVIVAL
[11:09:30] [Server thread/INFO]: Generating keypair
[11:09:31] [Server thread/INFO]: Starting Minecraft server on *:25565
[11:09:31] [Server thread/INFO]: Using default channel type
[11:09:31] [Server thread/INFO]: Paper: Using Java compression from Velocity.
[11:09:31] [Server thread/INFO]: Paper: Using Java cipher from Velocity.
[11:09:31] [Server thread/INFO]: Server permissions file permissions.yml is empty, ignoring it
[11:09:31] [Server thread/INFO]: Preparing level "world"
[11:09:32] [Server thread/INFO]: Preparing start region for dimension minecraft:overworld
[11:09:32] [Server thread/INFO]: Time elapsed: 333 ms
[11:09:32] [Server thread/INFO]: Preparing start region for dimension minecraft:the_nether
[11:09:32] [Server thread/INFO]: Time elapsed: 47 ms
[11:09:32] [Server thread/INFO]: Preparing start region for dimension minecraft:the_end
[11:09:32] [Server thread/INFO]: Time elapsed: 43 ms
[11:09:32] [Server thread/INFO]: Running delayed init tasks
[11:09:32] [Server thread/INFO]: Done (4.139s)! For help, type "help"
[11:09:32] [Server thread/INFO]: Timings Reset
[11:09:40] [Server thread/INFO]: There are 0 of a max of 20 players online: 
[11:15:03] [Server thread/INFO]: Stopping server
[11:15:03] [Server thread/INFO]: Saving players
[11:15:03] [Server thread/INFO]: Saving worlds
[11:15:03] [Server thread/INFO]: Saving chunks for level 'ServerLevel[world]'/minecraft:overworld
[11:15:03] [Server thread/INFO]: [ChunkHolderManager] Waiting 60s for chunk system to halt for world 'world'
[11:15:03] [Server thread/INFO]: [ChunkHolderManager] Halted chunk system for world 'world'
[11:15:03] [Server thread/INFO]: [ChunkHolderManager] Saving all chunkholders for world 'world'
[11:15:03] [Server thread/INFO]: [ChunkHolderManager] Saved 0 block chunks, 32 entity chunks, 0 poi chunks in world 'world' in 0.01s
[11:15:03] [Server thread/INFO]: ThreadedAnvilChunkStorage (world): All chunks are saved
[11:15:03] [Server thread/INFO]: Saving chunks for level 'ServerLevel[world_nether]'/minecraft:the_nether
[11:15:03] [Server thread/INFO]: [ChunkHolderManager] Waiting 60s for chunk system to halt for world 'world_nether'
[11:15:03] [Server thread/INFO]: [ChunkHolderManager] Halted chunk system for world 'world_nether'
[11:15:03] [Server thread/INFO]: [ChunkHolderManager] Saving all chunkholders for world 'world_nether'
[11:15:03] [Server thread/INFO]: [ChunkHolderManager] Saved 0 block chunks, 20 entity chunks, 0 poi chunks in world 'world_nether' in 0.02s
[11:15:03] [Server thread/INFO]: ThreadedAnvilChunkStorage (DIM-1): All chunks are saved
[11:15:03] [Server thread/INFO]: Saving chunks for level 'ServerLevel[world_the_end]'/minecraft:the_end
[11:15:03] [Server thread/INFO]: [ChunkHolderManager] Waiting 60s for chunk system to halt for world 'world_the_end'
[11:15:03] [Server thread/INFO]: [ChunkHolderManager] Halted chunk system for world 'world_the_end'
[11:15:03] [Server thread/INFO]: [ChunkHolderManager] Saving all chunkholders for world 'world_the_end'
[11:15:03] [Server thread/INFO]: [ChunkHolderManager] Saved 0 block chunks, 10 entity chunks, 0 poi chunks in world 'world_the_end' in 0.01s
[11:15:03] [Server thread/INFO]: ThreadedAnvilChunkStorage (DIM1): All chunks are saved
[11:15:03] [Server thread/INFO]: ThreadedAnvilChunkStorage: All dimensions are saved
[11:15:03] [Server thread/INFO]: Flushing Chunk IO
[11:15:03] [Server thread/INFO]: Closing Thread Pool
[11:15:03] [Server thread/INFO]: Closing Server
